  ConsoleApplication1.cpp
C:\Users\mlody\Desktop\studia\2d\Nowy folder\ConsoleApplication1\kolizjaAnimacja.h(229,63): warning C4244: "argument": konwersja z "T" do "T", możliwa utrata danych
          with
          [
              T=unsigned int
          ]
          and
          [
              T=float
          ]
C:\Users\mlody\Desktop\studia\2d\Nowy folder\ConsoleApplication1\kolizjaAnimacja.h(229,48): warning C4244: "argument": konwersja z "T" do "T", możliwa utrata danych
          with
          [
              T=unsigned int
          ]
          and
          [
              T=float
          ]
C:\Users\mlody\Desktop\studia\2d\Nowy folder\ConsoleApplication1\kolizjaAnimacja.h(234,63): warning C4244: "argument": konwersja z "T" do "T", możliwa utrata danych
          with
          [
              T=unsigned int
          ]
          and
          [
              T=float
          ]
C:\Users\mlody\Desktop\studia\2d\Nowy folder\ConsoleApplication1\kolizjaAnimacja.h(234,48): warning C4244: "argument": konwersja z "T" do "T", możliwa utrata danych
          with
          [
              T=unsigned int
          ]
          and
          [
              T=float
          ]
C:\Users\mlody\Desktop\studia\2d\Nowy folder\ConsoleApplication1\kolizjaAnimacja.h(281,21): warning C4244: "argument": konwersja z "int" do "float", możliwa utrata danych
C:\Users\mlody\Desktop\studia\2d\Nowy folder\ConsoleApplication1\kolizjaAnimacja.h(283,20): warning C4244: "argument": konwersja z "int" do "float", możliwa utrata danych
C:\Users\mlody\Desktop\studia\2d\Nowy folder\ConsoleApplication1\kolizjaAnimacja.h(285,20): warning C4244: "argument": konwersja z "int" do "float", możliwa utrata danych
C:\Users\mlody\Desktop\studia\2d\Nowy folder\ConsoleApplication1\kolizjaAnimacja.h(287,20): warning C4244: "argument": konwersja z "int" do "float", możliwa utrata danych
C:\Users\mlody\Desktop\studia\2d\Nowy folder\ConsoleApplication1\kolizjaAnimacja.h(289,21): warning C4244: "argument": konwersja z "int" do "float", możliwa utrata danych
C:\Users\mlody\Desktop\studia\2d\Nowy folder\ConsoleApplication1\kolizjaAnimacja.h(291,21): warning C4244: "argument": konwersja z "int" do "float", możliwa utrata danych
C:\Users\mlody\Desktop\studia\2d\Nowy folder\ConsoleApplication1\kolizjaAnimacja.h(292,22): warning C4244: "argument": konwersja z "int" do "float", możliwa utrata danych
C:\Users\mlody\Desktop\studia\2d\Nowy folder\ConsoleApplication1\kolizjaAnimacja.h(302,85): warning C4244: "argument": konwersja z "T" do "T", możliwa utrata danych
          with
          [
              T=int
          ]
          and
          [
              T=float
          ]
C:\Users\mlody\Desktop\studia\2d\Nowy folder\ConsoleApplication1\punktacja.h(15,40): warning C4018: ">=": niezgodność typu ze znakiem/bez znaku
C:\Users\mlody\Desktop\studia\2d\Nowy folder\ConsoleApplication1\punktacja.h(22,42): warning C4018: ">=": niezgodność typu ze znakiem/bez znaku
C:\Users\mlody\Desktop\studia\2d\Nowy folder\ConsoleApplication1\Poruszanie.h(13,20): warning C4244: "argument": konwersja z "int" do "float", możliwa utrata danych
C:\Users\mlody\Desktop\studia\2d\Nowy folder\ConsoleApplication1\Poruszanie.h(22,24): warning C4244: "argument": konwersja z "int" do "float", możliwa utrata danych
C:\Users\mlody\Desktop\studia\2d\Nowy folder\ConsoleApplication1\Menu.h(33,69): warning C4244: "argument": konwersja z "T" do "T", możliwa utrata danych
          with
          [
              T=int
          ]
          and
          [
              T=float
          ]
C:\Users\mlody\Desktop\studia\2d\Nowy folder\ConsoleApplication1\Menu.h(33,52): warning C4244: "argument": konwersja z "T" do "T", możliwa utrata danych
          with
          [
              T=int
          ]
          and
          [
              T=float
          ]
C:\Users\mlody\Desktop\studia\2d\Nowy folder\ConsoleApplication1\Menu.h(41,70): warning C4244: "argument": konwersja z "T" do "T", możliwa utrata danych
          with
          [
              T=int
          ]
          and
          [
              T=float
          ]
C:\Users\mlody\Desktop\studia\2d\Nowy folder\ConsoleApplication1\Menu.h(41,53): warning C4244: "argument": konwersja z "T" do "T", możliwa utrata danych
          with
          [
              T=int
          ]
          and
          [
              T=float
          ]
C:\Users\mlody\Desktop\studia\2d\Nowy folder\ConsoleApplication1\Menu.h(49,70): warning C4244: "argument": konwersja z "T" do "T", możliwa utrata danych
          with
          [
              T=int
          ]
          and
          [
              T=float
          ]
C:\Users\mlody\Desktop\studia\2d\Nowy folder\ConsoleApplication1\Menu.h(49,53): warning C4244: "argument": konwersja z "T" do "T", możliwa utrata danych
          with
          [
              T=int
          ]
          and
          [
              T=float
          ]
C:\Users\mlody\Desktop\studia\2d\Nowy folder\ConsoleApplication1\Menu.h(119,69): warning C4244: "argument": konwersja z "T" do "T", możliwa utrata danych
          with
          [
              T=int
          ]
          and
          [
              T=float
          ]
C:\Users\mlody\Desktop\studia\2d\Nowy folder\ConsoleApplication1\Menu.h(119,52): warning C4244: "argument": konwersja z "T" do "T", możliwa utrata danych
          with
          [
              T=int
          ]
          and
          [
              T=float
          ]
C:\Users\mlody\Desktop\studia\2d\Nowy folder\ConsoleApplication1\Menu.h(124,70): warning C4244: "argument": konwersja z "T" do "T", możliwa utrata danych
          with
          [
              T=int
          ]
          and
          [
              T=float
          ]
C:\Users\mlody\Desktop\studia\2d\Nowy folder\ConsoleApplication1\Menu.h(124,53): warning C4244: "argument": konwersja z "T" do "T", możliwa utrata danych
          with
          [
              T=int
          ]
          and
          [
              T=float
          ]
C:\Users\mlody\Desktop\studia\2d\Nowy folder\ConsoleApplication1\Menu.h(132,70): warning C4244: "argument": konwersja z "T" do "T", możliwa utrata danych
          with
          [
              T=int
          ]
          and
          [
              T=float
          ]
C:\Users\mlody\Desktop\studia\2d\Nowy folder\ConsoleApplication1\Menu.h(132,53): warning C4244: "argument": konwersja z "T" do "T", możliwa utrata danych
          with
          [
              T=int
          ]
          and
          [
              T=float
          ]
C:\Users\mlody\Desktop\studia\2d\Nowy folder\ConsoleApplication1\Menu.h(212,69): warning C4244: "argument": konwersja z "T" do "T", możliwa utrata danych
          with
          [
              T=int
          ]
          and
          [
              T=float
          ]
C:\Users\mlody\Desktop\studia\2d\Nowy folder\ConsoleApplication1\Menu.h(212,52): warning C4244: "argument": konwersja z "T" do "T", możliwa utrata danych
          with
          [
              T=int
          ]
          and
          [
              T=float
          ]
C:\Users\mlody\Desktop\studia\2d\Nowy folder\ConsoleApplication1\Menu.h(220,70): warning C4244: "argument": konwersja z "T" do "T", możliwa utrata danych
          with
          [
              T=int
          ]
          and
          [
              T=float
          ]
C:\Users\mlody\Desktop\studia\2d\Nowy folder\ConsoleApplication1\Menu.h(220,53): warning C4244: "argument": konwersja z "T" do "T", możliwa utrata danych
          with
          [
              T=int
          ]
          and
          [
              T=float
          ]
C:\Users\mlody\Desktop\studia\2d\Nowy folder\ConsoleApplication1\Menu.h(229,70): warning C4244: "argument": konwersja z "T" do "T", możliwa utrata danych
          with
          [
              T=int
          ]
          and
          [
              T=float
          ]
C:\Users\mlody\Desktop\studia\2d\Nowy folder\ConsoleApplication1\Menu.h(229,53): warning C4244: "argument": konwersja z "T" do "T", możliwa utrata danych
          with
          [
              T=int
          ]
          and
          [
              T=float
          ]
C:\Users\mlody\Desktop\studia\2d\Nowy folder\ConsoleApplication1\Menu.h(289,26): warning C4244: "argument": konwersja z "int" do "float", możliwa utrata danych
C:\Users\mlody\Desktop\studia\2d\Nowy folder\ConsoleApplication1\ConsoleApplication1.cpp(47,25): warning C4244: "argument": konwersja z "int" do "float", możliwa utrata danych
C:\Users\mlody\Desktop\studia\2d\Nowy folder\ConsoleApplication1\ConsoleApplication1.cpp(53,25): warning C4244: "argument": konwersja z "int" do "float", możliwa utrata danych
C:\Users\mlody\Desktop\studia\2d\Nowy folder\ConsoleApplication1\ConsoleApplication1.cpp(84,24): warning C4244: "argument": konwersja z "int" do "float", możliwa utrata danych
C:\Users\mlody\Desktop\studia\2d\Nowy folder\ConsoleApplication1\ConsoleApplication1.cpp(87,14): warning C4067: nieoczekiwane tokeny występujące po dyrektywie preprocesora - oczekiwano nowego wiersza
C:\Users\mlody\Desktop\studia\2d\Nowy folder\ConsoleApplication1\poziom.cpp(7,17): warning C4244: "argument": konwersja z "int" do "float", możliwa utrata danych
C:\Users\mlody\Desktop\studia\2d\Nowy folder\ConsoleApplication1\poziom.cpp(182,77): warning C4244: "argument": konwersja z "int" do "T", możliwa utrata danych
          with
          [
              T=float
          ]
C:\Users\mlody\Desktop\studia\2d\Nowy folder\ConsoleApplication1\ConsoleApplication1.cpp(147,85): warning C4244: "=": konwersja z "T" do "T", możliwa utrata danych
          with
          [
              T=int
          ]
          and
          [
              T=float
          ]
C:\Users\mlody\Desktop\studia\2d\Nowy folder\ConsoleApplication1\ConsoleApplication1.cpp(150,49): warning C4267: "inicjowanie": konwersja z "size_t" do "int", możliwa utrata danych
C:\Users\mlody\Desktop\studia\2d\Nowy folder\ConsoleApplication1\ConsoleApplication1.cpp(210,10): warning C4067: nieoczekiwane tokeny występujące po dyrektywie preprocesora - oczekiwano nowego wiersza
C:\Users\mlody\Desktop\studia\2d\Nowy folder\ConsoleApplication1\poziom2.cpp(7,17): warning C4244: "argument": konwersja z "int" do "float", możliwa utrata danych
C:\Users\mlody\Desktop\studia\2d\Nowy folder\ConsoleApplication1\poziom2.cpp(582,76): warning C4244: "argument": konwersja z "int" do "T", możliwa utrata danych
          with
          [
              T=float
          ]
C:\Users\mlody\Desktop\studia\2d\Nowy folder\ConsoleApplication1\ConsoleApplication1.cpp(280,85): warning C4244: "=": konwersja z "T" do "T", możliwa utrata danych
          with
          [
              T=int
          ]
          and
          [
              T=float
          ]
C:\Users\mlody\Desktop\studia\2d\Nowy folder\ConsoleApplication1\ConsoleApplication1.cpp(284,49): warning C4267: "inicjowanie": konwersja z "size_t" do "int", możliwa utrata danych
  Trwa generowanie kodu
  1 of 665 functions ( 0.2%) were compiled, the rest were copied from previous compilation.
    0 functions were new in current compilation
    1 functions had inline decision re-evaluated but remain unchanged
  Zakończono generowanie kodu
  ConsoleApplication1.vcxproj -> C:\Users\mlody\Desktop\studia\2d\Nowy folder\ConsoleApplication1\x64\Release\ConsoleApplication1.exe
